<?xml version="1.0" encoding="UTF-8"?>
<testsuite name="com.unicorn.lifesub.member.test.unit.service.MemberServiceImplUnitTest" tests="4" skipped="0" failures="0" errors="0" timestamp="2025-02-14T14:45:55" hostname="ihaegyeong-ui-MacBookAir.local" time="0.059">
  <properties/>
  <testcase name="givenValidCredentials_whenLogin_thenSuccess" classname="com.unicorn.lifesub.member.test.unit.service.MemberServiceImplUnitTest" time="0.02"/>
  <testcase name="givenLogoutRequest_whenLogout_thenSuccess" classname="com.unicorn.lifesub.member.test.unit.service.MemberServiceImplUnitTest" time="0.01"/>
  <testcase name="givenInvalidPassword_whenLogin_thenThrowException" classname="com.unicorn.lifesub.member.test.unit.service.MemberServiceImplUnitTest" time="0.017"/>
  <testcase name="givenNonExistentUser_whenLogin_thenThrowException" classname="com.unicorn.lifesub.member.test.unit.service.MemberServiceImplUnitTest" time="0.008"/>
  <system-out><![CDATA[]]></system-out>
  <system-err><![CDATA[]]></system-err>
</testsuite>
