<?xml version="1.0" encoding="UTF-8"?>
<testsuite name="com.unicorn.lifesub.member.test.unit.domain.MemberUnitTest" tests="4" skipped="0" failures="0" errors="0" timestamp="2025-02-14T14:45:55" hostname="ihaegyeong-ui-MacBookAir.local" time="0.011">
  <properties/>
  <testcase name="givenMemberDomain_whenConvertToEntity_thenSuccess" classname="com.unicorn.lifesub.member.test.unit.domain.MemberUnitTest" time="0.003"/>
  <testcase name="givenMemberEntity_whenConvertToDomain_thenSuccess" classname="com.unicorn.lifesub.member.test.unit.domain.MemberUnitTest" time="0.0"/>
  <testcase name="givenMemberInfo_whenBuildMember_thenSuccess" classname="com.unicorn.lifesub.member.test.unit.domain.MemberUnitTest" time="0.002"/>
  <testcase name="givenMultipleRoles_whenBuildMember_thenSuccess" classname="com.unicorn.lifesub.member.test.unit.domain.MemberUnitTest" time="0.003"/>
  <system-out><![CDATA[]]></system-out>
  <system-err><![CDATA[]]></system-err>
</testsuite>
