<?xml version="1.0" encoding="UTF-8"?>
<testsuite name="com.unicorn.lifesub.member.test.unit.config.jwt.CustomUserDetailsServiceUnitTest" tests="3" skipped="0" failures="0" errors="0" timestamp="2025-02-14T14:45:54" hostname="ihaegyeong-ui-MacBookAir.local" time="0.121">
  <properties/>
  <testcase name="givenNonExistentUserId_whenLoadUser_thenThrowException" classname="com.unicorn.lifesub.member.test.unit.config.jwt.CustomUserDetailsServiceUnitTest" time="0.064"/>
  <testcase name="givenUserWithRoles_whenLoadUser_thenMapAuthoritiesCorrectly" classname="com.unicorn.lifesub.member.test.unit.config.jwt.CustomUserDetailsServiceUnitTest" time="0.041"/>
  <testcase name="givenExistingUserId_whenLoadUser_thenReturnUserDetails" classname="com.unicorn.lifesub.member.test.unit.config.jwt.CustomUserDetailsServiceUnitTest" time="0.007"/>
  <system-out><![CDATA[]]></system-out>
  <system-err><![CDATA[]]></system-err>
</testsuite>
